# JRE version: Java(TM) SE Runtime Environment (17.0.12+8) (build 17.0.12+8-LTS-286)
# Java VM: Java HotSpot(TM) 64-Bit Server VM (17.0.12+8-LTS-286, mixed mode, sharing, tiered, compressed oops, compressed class ptrs, g1 gc, windows-amd64)
GC Precious Log:
 CPUs: 8 total, 8 available
 Memory: 16068M
 Large Page Support: Disabled
 NUMA Support: Disabled
 Compressed Oops: Enabled (Zero based)
 Heap Region Size: 2M
 Heap Min Capacity: 8M
 Heap Initial Capacity: 252M
 Heap Max Capacity: 4018M
 Pre-touch: Disabled
 Parallel Workers: 8
 Concurrent Workers: 2
 Concurrent Refinement Workers: 8
 Periodic GC: Disabled
Heap:
 garbage-first heap   total 49152K, used 21095K [0x0000000704e00000, 0x0000000800000000)
  region size 2048K, 2 young (4096K), 2 survivors (4096K)
 Metaspace       used 42861K, committed 43200K, reserved 1114112K
  class space    used 6078K, committed 6272K, reserved 1048576K
GC Heap History (19 events):
Event: 1.332 GC heap before
{Heap before GC invocations=0 (full 0):
 garbage-first heap   total 258048K, used 20480K [0x0000000704e00000, 0x0000000800000000)
  region size 2048K, 11 young (22528K), 0 survivors (0K)
 Metaspace       used 4357K, committed 4544K, reserved 1114112K
  class space    used 497K, committed 576K, reserved 1048576K
}
Event: 1.336 GC heap after
{Heap after GC invocations=1 (full 0):
 garbage-first heap   total 258048K, used 3308K [0x0000000704e00000, 0x0000000800000000)
  region size 2048K, 2 young (4096K), 2 survivors (4096K)
 Metaspace       used 4357K, committed 4544K, reserved 1114112K
  class space    used 497K, committed 576K, reserved 1048576K
}
Event: 3.005 GC heap before
{Heap before GC invocations=1 (full 0):
 garbage-first heap   total 258048K, used 40172K [0x0000000704e00000, 0x0000000800000000)
  region size 2048K, 20 young (40960K), 2 survivors (4096K)
 Metaspace       used 16161K, committed 16320K, reserved 1114112K
  class space    used 2100K, committed 2176K, reserved 1048576K
}
Event: 3.012 GC heap after
{Heap after GC invocations=2 (full 0):
 garbage-first heap   total 258048K, used 8392K [0x0000000704e00000, 0x0000000800000000)
  region size 2048K, 3 young (6144K), 3 survivors (6144K)
 Metaspace       used 16161K, committed 16320K, reserved 1114112K
  class space    used 2100K, committed 2176K, reserved 1048576K
}
Event: 3.901 GC heap before
{Heap before GC invocations=2 (full 0):
 garbage-first heap   total 258048K, used 22728K [0x0000000704e00000, 0x0000000800000000)
  region size 2048K, 11 young (22528K), 3 survivors (6144K)
 Metaspace       used 21313K, committed 21504K, reserved 1114112K
  class space    used 2821K, committed 2944K, reserved 1048576K
}
Event: 3.906 GC heap after
{Heap after GC invocations=3 (full 0):
 garbage-first heap   total 258048K, used 10629K [0x0000000704e00000, 0x0000000800000000)
  region size 2048K, 1 young (2048K), 1 survivors (2048K)
 Metaspace       used 21313K, committed 21504K, reserved 1114112K
  class space    used 2821K, committed 2944K, reserved 1048576K
}
Event: 5.106 GC heap before
{Heap before GC invocations=4 (full 0):
 garbage-first heap   total 49152K, used 37253K [0x0000000704e00000, 0x0000000800000000)
  region size 2048K, 14 young (28672K), 1 survivors (2048K)
 Metaspace       used 28579K, committed 28864K, reserved 1114112K
  class space    used 3919K, committed 4032K, reserved 1048576K
}
Event: 5.110 GC heap after
{Heap after GC invocations=5 (full 0):
 garbage-first heap   total 49152K, used 11920K [0x0000000704e00000, 0x0000000800000000)
  region size 2048K, 2 young (4096K), 2 survivors (4096K)
 Metaspace       used 28579K, committed 28864K, reserved 1114112K
  class space    used 3919K, committed 4032K, reserved 1048576K
}
Event: 5.202 GC heap before
{Heap before GC invocations=5 (full 0):
 garbage-first heap   total 49152K, used 13968K [0x0000000704e00000, 0x0000000800000000)
  region size 2048K, 3 young (6144K), 2 survivors (4096K)
 Metaspace       used 28965K, committed 29248K, reserved 1114112K
  class space    used 3955K, committed 4096K, reserved 1048576K
}
Event: 5.205 GC heap after
{Heap after GC invocations=6 (full 0):
 garbage-first heap   total 49152K, used 12073K [0x0000000704e00000, 0x0000000800000000)
  region size 2048K, 1 young (2048K), 1 survivors (2048K)
 Metaspace       used 28965K, committed 29248K, reserved 1114112K
  class space    used 3955K, committed 4096K, reserved 1048576K
}
Event: 6.021 GC heap before
{Heap before GC invocations=6 (full 0):
 garbage-first heap   total 49152K, used 32553K [0x0000000704e00000, 0x0000000800000000)
  region size 2048K, 11 young (22528K), 1 survivors (2048K)
 Metaspace       used 34944K, committed 35200K, reserved 1114112K
  class space    used 4759K, committed 4864K, reserved 1048576K
}
Event: 6.025 GC heap after
{Heap after GC invocations=7 (full 0):
 garbage-first heap   total 49152K, used 13024K [0x0000000704e00000, 0x0000000800000000)
  region size 2048K, 1 young (2048K), 1 survivors (2048K)
 Metaspace       used 34944K, committed 35200K, reserved 1114112K
  class space    used 4759K, committed 4864K, reserved 1048576K
}
Event: 6.233 GC heap before
{Heap before GC invocations=7 (full 0):
 garbage-first heap   total 49152K, used 15072K [0x0000000704e00000, 0x0000000800000000)
  region size 2048K, 3 young (6144K), 1 survivors (2048K)
 Metaspace       used 35874K, committed 36096K, reserved 1114112K
  class space    used 4927K, committed 5056K, reserved 1048576K
}
Event: 6.235 GC heap after
{Heap after GC invocations=8 (full 0):
 garbage-first heap   total 49152K, used 13288K [0x0000000704e00000, 0x0000000800000000)
  region size 2048K, 1 young (2048K), 1 survivors (2048K)
 Metaspace       used 35874K, committed 36096K, reserved 1114112K
  class space    used 4927K, committed 5056K, reserved 1048576K
}
Event: 19.667 GC heap before
{Heap before GC invocations=9 (full 0):
 garbage-first heap   total 49152K, used 31720K [0x0000000704e00000, 0x0000000800000000)
  region size 2048K, 11 young (22528K), 1 survivors (2048K)
 Metaspace       used 40039K, committed 40320K, reserved 1114112K
  class space    used 5632K, committed 5760K, reserved 1048576K
}
Event: 19.671 GC heap after
{Heap after GC invocations=10 (full 0):
 garbage-first heap   total 49152K, used 15660K [0x0000000704e00000, 0x0000000800000000)
  region size 2048K, 2 young (4096K), 2 survivors (4096K)
 Metaspace       used 40039K, committed 40320K, reserved 1114112K
  class space    used 5632K, committed 5760K, reserved 1048576K
}
Event: 19.708 GC heap before
{Heap before GC invocations=10 (full 0):
 garbage-first heap   total 49152K, used 17708K [0x0000000704e00000, 0x0000000800000000)
  region size 2048K, 3 young (6144K), 2 survivors (4096K)
 Metaspace       used 40384K, committed 40640K, reserved 1114112K
  class space    used 5732K, committed 5824K, reserved 1048576K
}
Event: 19.715 GC heap after
{Heap after GC invocations=11 (full 0):
 garbage-first heap   total 49152K, used 15778K [0x0000000704e00000, 0x0000000800000000)
  region size 2048K, 1 young (2048K), 1 survivors (2048K)
 Metaspace       used 40384K, committed 40640K, reserved 1114112K
  class space    used 5732K, committed 5824K, reserved 1048576K
}
Event: 111.144 GC heap before
{Heap before GC invocations=11 (full 0):
 garbage-first heap   total 49152K, used 36258K [0x0000000704e00000, 0x0000000800000000)
  region size 2048K, 10 young (20480K), 1 survivors (2048K)
 Metaspace       used 42861K, committed 43200K, reserved 1114112K
  class space    used 6078K, committed 6272K, reserved 1048576K
}

